<?xml version="1.0" encoding="UTF-8"?>
<!DOCTYPE coverage SYSTEM "http://cobertura.sourceforge.net/xml/coverage-04.dtd">
<coverage line-rate="0" branch-rate="0" version="" timestamp="1672159864306" lines-covered="0" lines-valid="144" branches-covered="0" branches-valid="0" complexity="0">
  <sources>
    <source>/home/teguh-satriya/Workspace/go/src/github.com/teguh-satriya/privy-go</source>
  </sources>
  <packages>
    <package name="github.com/teguh-satriya/privy-go/services" line-rate="0" branch-rate="0" complexity="0">
      <classes>
        <class name="CreateCakesServiceImpl" filename="services/create_cakes_service.go" line-rate="0" branch-rate="0" complexity="0">
          <methods>
            <method name="Call" signature="" line-rate="0" branch-rate="0" complexity="0">
              <lines>
                <line number="37" hits="0"></line>
                <line number="38" hits="0"></line>
                <line number="39" hits="0"></line>
                <line number="40" hits="0"></line>
                <line number="41" hits="0"></line>
                <line number="42" hits="0"></line>
                <line number="43" hits="0"></line>
                <line number="44" hits="0"></line>
                <line number="45" hits="0"></line>
                <line number="46" hits="0"></line>
                <line number="47" hits="0"></line>
                <line number="48" hits="0"></line>
                <line number="50" hits="0"></line>
                <line number="51" hits="0"></line>
                <line number="52" hits="0"></line>
                <line number="53" hits="0"></line>
                <line number="55" hits="0"></line>
                <line number="56" hits="0"></line>
                <line number="57" hits="0"></line>
                <line number="59" hits="0"></line>
                <line number="60" hits="0"></line>
                <line number="61" hits="0"></line>
                <line number="62" hits="0"></line>
                <line number="63" hits="0"></line>
                <line number="64" hits="0"></line>
                <line number="65" hits="0"></line>
                <line number="66" hits="0"></line>
                <line number="67" hits="0"></line>
                <line number="68" hits="0"></line>
                <line number="69" hits="0"></line>
              </lines>
            </method>
          </methods>
          <lines>
            <line number="37" hits="0"></line>
            <line number="38" hits="0"></line>
            <line number="39" hits="0"></line>
            <line number="40" hits="0"></line>
            <line number="41" hits="0"></line>
            <line number="42" hits="0"></line>
            <line number="43" hits="0"></line>
            <line number="44" hits="0"></line>
            <line number="45" hits="0"></line>
            <line number="46" hits="0"></line>
            <line number="47" hits="0"></line>
            <line number="48" hits="0"></line>
            <line number="50" hits="0"></line>
            <line number="51" hits="0"></line>
            <line number="52" hits="0"></line>
            <line number="53" hits="0"></line>
            <line number="55" hits="0"></line>
            <line number="56" hits="0"></line>
            <line number="57" hits="0"></line>
            <line number="59" hits="0"></line>
            <line number="60" hits="0"></line>
            <line number="61" hits="0"></line>
            <line number="62" hits="0"></line>
            <line number="63" hits="0"></line>
            <line number="64" hits="0"></line>
            <line number="65" hits="0"></line>
            <line number="66" hits="0"></line>
            <line number="67" hits="0"></line>
            <line number="68" hits="0"></line>
            <line number="69" hits="0"></line>
          </lines>
        </class>
        <class name="-" filename="services/create_cakes_service.go" line-rate="0" branch-rate="0" complexity="0">
          <methods>
            <method name="NewCreateCakesService" signature="" line-rate="0" branch-rate="0" complexity="0">
              <lines>
                <line number="75" hits="0"></line>
                <line number="76" hits="0"></line>
                <line number="77" hits="0"></line>
                <line number="78" hits="0"></line>
                <line number="79" hits="0"></line>
              </lines>
            </method>
          </methods>
          <lines>
            <line number="75" hits="0"></line>
            <line number="76" hits="0"></line>
            <line number="77" hits="0"></line>
            <line number="78" hits="0"></line>
            <line number="79" hits="0"></line>
          </lines>
        </class>
        <class name="DeleteCakesServiceImpl" filename="services/delete_cakes_service.go" line-rate="0" branch-rate="0" complexity="0">
          <methods>
            <method name="Call" signature="" line-rate="0" branch-rate="0" complexity="0">
              <lines>
                <line number="33" hits="0"></line>
                <line number="34" hits="0"></line>
                <line number="35" hits="0"></line>
                <line number="36" hits="0"></line>
                <line number="37" hits="0"></line>
                <line number="39" hits="0"></line>
                <line number="40" hits="0"></line>
                <line number="41" hits="0"></line>
                <line number="43" hits="0"></line>
                <line number="44" hits="0"></line>
                <line number="45" hits="0"></line>
                <line number="46" hits="0"></line>
                <line number="48" hits="0"></line>
                <line number="49" hits="0"></line>
                <line number="50" hits="0"></line>
                <line number="51" hits="0"></line>
                <line number="52" hits="0"></line>
                <line number="53" hits="0"></line>
                <line number="54" hits="0"></line>
                <line number="55" hits="0"></line>
                <line number="56" hits="0"></line>
                <line number="57" hits="0"></line>
                <line number="58" hits="0"></line>
              </lines>
            </method>
          </methods>
          <lines>
            <line number="33" hits="0"></line>
            <line number="34" hits="0"></line>
            <line number="35" hits="0"></line>
            <line number="36" hits="0"></line>
            <line number="37" hits="0"></line>
            <line number="39" hits="0"></line>
            <line number="40" hits="0"></line>
            <line number="41" hits="0"></line>
            <line number="43" hits="0"></line>
            <line number="44" hits="0"></line>
            <line number="45" hits="0"></line>
            <line number="46" hits="0"></line>
            <line number="48" hits="0"></line>
            <line number="49" hits="0"></line>
            <line number="50" hits="0"></line>
            <line number="51" hits="0"></line>
            <line number="52" hits="0"></line>
            <line number="53" hits="0"></line>
            <line number="54" hits="0"></line>
            <line number="55" hits="0"></line>
            <line number="56" hits="0"></line>
            <line number="57" hits="0"></line>
            <line number="58" hits="0"></line>
          </lines>
        </class>
        <class name="-" filename="services/delete_cakes_service.go" line-rate="0" branch-rate="0" complexity="0">
          <methods>
            <method name="NewDeleteCakesService" signature="" line-rate="0" branch-rate="0" complexity="0">
              <lines>
                <line number="64" hits="0"></line>
                <line number="65" hits="0"></line>
                <line number="66" hits="0"></line>
                <line number="67" hits="0"></line>
                <line number="68" hits="0"></line>
              </lines>
            </method>
          </methods>
          <lines>
            <line number="64" hits="0"></line>
            <line number="65" hits="0"></line>
            <line number="66" hits="0"></line>
            <line number="67" hits="0"></line>
            <line number="68" hits="0"></line>
          </lines>
        </class>
        <class name="GetCakesServiceImpl" filename="services/get_cakes_service.go" line-rate="0" branch-rate="0" complexity="0">
          <methods>
            <method name="Call" signature="" line-rate="0" branch-rate="0" complexity="0">
              <lines>
                <line number="33" hits="0"></line>
                <line number="34" hits="0"></line>
                <line number="35" hits="0"></line>
                <line number="36" hits="0"></line>
                <line number="37" hits="0"></line>
                <line number="38" hits="0"></line>
                <line number="40" hits="0"></line>
                <line number="41" hits="0"></line>
                <line number="42" hits="0"></line>
                <line number="44" hits="0"></line>
                <line number="45" hits="0"></line>
                <line number="46" hits="0"></line>
                <line number="47" hits="0"></line>
                <line number="48" hits="0"></line>
                <line number="49" hits="0"></line>
                <line number="50" hits="0"></line>
                <line number="51" hits="0"></line>
                <line number="52" hits="0"></line>
                <line number="53" hits="0"></line>
                <line number="54" hits="0"></line>
              </lines>
            </method>
          </methods>
          <lines>
            <line number="33" hits="0"></line>
            <line number="34" hits="0"></line>
            <line number="35" hits="0"></line>
            <line number="36" hits="0"></line>
            <line number="37" hits="0"></line>
            <line number="38" hits="0"></line>
            <line number="40" hits="0"></line>
            <line number="41" hits="0"></line>
            <line number="42" hits="0"></line>
            <line number="44" hits="0"></line>
            <line number="45" hits="0"></line>
            <line number="46" hits="0"></line>
            <line number="47" hits="0"></line>
            <line number="48" hits="0"></line>
            <line number="49" hits="0"></line>
            <line number="50" hits="0"></line>
            <line number="51" hits="0"></line>
            <line number="52" hits="0"></line>
            <line number="53" hits="0"></line>
            <line number="54" hits="0"></line>
          </lines>
        </class>
        <class name="-" filename="services/get_cakes_service.go" line-rate="0" branch-rate="0" complexity="0">
          <methods>
            <method name="NewGetCakesService" signature="" line-rate="0" branch-rate="0" complexity="0">
              <lines>
                <line number="59" hits="0"></line>
                <line number="60" hits="0"></line>
                <line number="61" hits="0"></line>
                <line number="62" hits="0"></line>
                <line number="63" hits="0"></line>
              </lines>
            </method>
          </methods>
          <lines>
            <line number="59" hits="0"></line>
            <line number="60" hits="0"></line>
            <line number="61" hits="0"></line>
            <line number="62" hits="0"></line>
            <line number="63" hits="0"></line>
          </lines>
        </class>
        <class name="ListCakesServiceImpl" filename="services/list_cakes_service.go" line-rate="0" branch-rate="0" complexity="0">
          <methods>
            <method name="Call" signature="" line-rate="0" branch-rate="0" complexity="0">
              <lines>
                <line number="24" hits="0"></line>
                <line number="25" hits="0"></line>
                <line number="26" hits="0"></line>
                <line number="27" hits="0"></line>
                <line number="28" hits="0"></line>
                <line number="29" hits="0"></line>
                <line number="31" hits="0"></line>
                <line number="32" hits="0"></line>
                <line number="33" hits="0"></line>
                <line number="34" hits="0"></line>
                <line number="35" hits="0"></line>
              </lines>
            </method>
          </methods>
          <lines>
            <line number="24" hits="0"></line>
            <line number="25" hits="0"></line>
            <line number="26" hits="0"></line>
            <line number="27" hits="0"></line>
            <line number="28" hits="0"></line>
            <line number="29" hits="0"></line>
            <line number="31" hits="0"></line>
            <line number="32" hits="0"></line>
            <line number="33" hits="0"></line>
            <line number="34" hits="0"></line>
            <line number="35" hits="0"></line>
          </lines>
        </class>
        <class name="-" filename="services/list_cakes_service.go" line-rate="0" branch-rate="0" complexity="0">
          <methods>
            <method name="NewListCakesService" signature="" line-rate="0" branch-rate="0" complexity="0">
              <lines>
                <line number="40" hits="0"></line>
                <line number="41" hits="0"></line>
                <line number="42" hits="0"></line>
                <line number="43" hits="0"></line>
                <line number="44" hits="0"></line>
              </lines>
            </method>
          </methods>
          <lines>
            <line number="40" hits="0"></line>
            <line number="41" hits="0"></line>
            <line number="42" hits="0"></line>
            <line number="43" hits="0"></line>
            <line number="44" hits="0"></line>
          </lines>
        </class>
        <class name="UpdateCakesServiceImpl" filename="services/update_cakes_service.go" line-rate="0" branch-rate="0" complexity="0">
          <methods>
            <method name="Call" signature="" line-rate="0" branch-rate="0" complexity="0">
              <lines>
                <line number="38" hits="0"></line>
                <line number="39" hits="0"></line>
                <line number="40" hits="0"></line>
                <line number="41" hits="0"></line>
                <line number="42" hits="0"></line>
                <line number="44" hits="0"></line>
                <line number="45" hits="0"></line>
                <line number="46" hits="0"></line>
                <line number="48" hits="0"></line>
                <line number="49" hits="0"></line>
                <line number="50" hits="0"></line>
                <line number="52" hits="0"></line>
                <line number="53" hits="0"></line>
                <line number="54" hits="0"></line>
                <line number="56" hits="0"></line>
                <line number="57" hits="0"></line>
                <line number="58" hits="0"></line>
                <line number="60" hits="0"></line>
                <line number="61" hits="0"></line>
                <line number="62" hits="0"></line>
                <line number="64" hits="0"></line>
                <line number="65" hits="0"></line>
                <line number="66" hits="0"></line>
                <line number="67" hits="0"></line>
                <line number="69" hits="0"></line>
                <line number="70" hits="0"></line>
                <line number="71" hits="0"></line>
                <line number="72" hits="0"></line>
                <line number="73" hits="0"></line>
                <line number="74" hits="0"></line>
                <line number="75" hits="0"></line>
                <line number="76" hits="0"></line>
                <line number="77" hits="0"></line>
                <line number="78" hits="0"></line>
                <line number="79" hits="0"></line>
              </lines>
            </method>
          </methods>
          <lines>
            <line number="38" hits="0"></line>
            <line number="39" hits="0"></line>
            <line number="40" hits="0"></line>
            <line number="41" hits="0"></line>
            <line number="42" hits="0"></line>
            <line number="44" hits="0"></line>
            <line number="45" hits="0"></line>
            <line number="46" hits="0"></line>
            <line number="48" hits="0"></line>
            <line number="49" hits="0"></line>
            <line number="50" hits="0"></line>
            <line number="52" hits="0"></line>
            <line number="53" hits="0"></line>
            <line number="54" hits="0"></line>
            <line number="56" hits="0"></line>
            <line number="57" hits="0"></line>
            <line number="58" hits="0"></line>
            <line number="60" hits="0"></line>
            <line number="61" hits="0"></line>
            <line number="62" hits="0"></line>
            <line number="64" hits="0"></line>
            <line number="65" hits="0"></line>
            <line number="66" hits="0"></line>
            <line number="67" hits="0"></line>
            <line number="69" hits="0"></line>
            <line number="70" hits="0"></line>
            <line number="71" hits="0"></line>
            <line number="72" hits="0"></line>
            <line number="73" hits="0"></line>
            <line number="74" hits="0"></line>
            <line number="75" hits="0"></line>
            <line number="76" hits="0"></line>
            <line number="77" hits="0"></line>
            <line number="78" hits="0"></line>
            <line number="79" hits="0"></line>
          </lines>
        </class>
        <class name="-" filename="services/update_cakes_service.go" line-rate="0" branch-rate="0" complexity="0">
          <methods>
            <method name="NewUpdateCakesService" signature="" line-rate="0" branch-rate="0" complexity="0">
              <lines>
                <line number="85" hits="0"></line>
                <line number="86" hits="0"></line>
                <line number="87" hits="0"></line>
                <line number="88" hits="0"></line>
                <line number="89" hits="0"></line>
              </lines>
            </method>
          </methods>
          <lines>
            <line number="85" hits="0"></line>
            <line number="86" hits="0"></line>
            <line number="87" hits="0"></line>
            <line number="88" hits="0"></line>
            <line number="89" hits="0"></line>
          </lines>
        </class>
      </classes>
    </package>
  </packages>
</coverage>
